[prodropusa.com/sup01-es/index.html]
[backblue.gif]
[fade.gif]
[index.html]
[prodropusa.com/wp-content/themes/twentytwentytwo/style62ea.css]
[prodropusa.com/wp-content/plugins/elementor/assets/lib/eicons/css/elementor-icons.min91ce.css]
[prodropusa.com/wp-content/plugins/elementor/assets/css/frontend-lite.minf6c4.css]
[prodropusa.com/wp-content/uploads/elementor/css/post-72e67.css]
[prodropusa.com/wp-content/uploads/elementor/css/global7798.css]
[prodropusa.com/wp-content/uploads/elementor/css/post-1739e63.css]
[connect.facebook.net/en_US/fbevents.js]
[prodropusa.com/wp-content/uploads/2022/09/1-1024x576.png]
[pay.hotmart.com/assets/js/hotmart.upsell_checkout.js]
[prodropusa.com/wp-content/plugins/elementor/assets/js/webpack.runtime.minf6c4.js]
[prodropusa.com/wp-includes/js/jquery/jquery.minaf6c.js]
[prodropusa.com/wp-includes/js/jquery/jquery-migrate.mind617.js]
[prodropusa.com/wp-content/plugins/elementor/assets/js/frontend-modules.minf6c4.js]
[prodropusa.com/wp-content/plugins/elementor/assets/lib/waypoints/waypoints.min05da.js]
[prodropusa.com/wp-includes/js/jquery/ui/core.min0028.js]
[prodropusa.com/sup01-es/index.html]
[prodropusa.com/wp-content/themes/twentytwentytwo/style62ea.css]
[prodropusa.com/wp-content/plugins/elementor/assets/lib/eicons/css/elementor-icons.min91ce.css]
[prodropusa.com/wp-content/plugins/elementor/assets/css/frontend-lite.minf6c4.css]
[prodropusa.com/wp-content/uploads/elementor/css/post-72e67.css]
[prodropusa.com/wp-content/uploads/elementor/css/global7798.css]
[prodropusa.com/wp-content/uploads/elementor/css/post-1739e63.css]
[prodropusa.com/wp-content/plugins/elementor/assets/js/frontend.minf6c4.js]
[prodropusa.com/sup01-es/c]
[prodropusa.com/sup01-es/b]
[prodropusa.com/sup01-es/POST]
[connect.facebook.net/en_US/fbevents.js]
[prodropusa.com/sup01-es/c.html]
[prodropusa.com/sup01-es/b.html]
[prodropusa.com/sup01-es/POST.html]
